mode: atomic
LinkMaskirator/service/factory.go:8.68,10.2 1 5
LinkMaskirator/service/factory.go:12.83,20.2 6 2
LinkMaskirator/service/file_presenter.go:12.51,14.2 1 2
LinkMaskirator/service/file_presenter.go:16.40,18.29 2 4
LinkMaskirator/service/file_presenter.go:18.29,20.24 2 8
LinkMaskirator/service/file_presenter.go:20.24,22.4 1 5
LinkMaskirator/service/file_presenter.go:24.2,24.36 1 4
LinkMaskirator/service/file_presenter.go:27.63,31.2 2 0
LinkMaskirator/service/file_producer.go:12.49,14.2 1 2
LinkMaskirator/service/file_producer.go:16.59,18.16 2 0
LinkMaskirator/service/file_producer.go:18.16,20.3 1 0
LinkMaskirator/service/file_producer.go:21.2,26.21 4 0
LinkMaskirator/service/file_producer.go:26.21,29.3 2 0
LinkMaskirator/service/file_producer.go:31.2,31.38 1 0
LinkMaskirator/service/file_producer.go:31.38,33.3 1 0
LinkMaskirator/service/file_producer.go:35.2,35.19 1 0
LinkMaskirator/service/service.go:28.57,35.2 1 17
LinkMaskirator/service/service.go:37.41,38.15 1 16
LinkMaskirator/service/service.go:38.15,40.3 1 16
LinkMaskirator/service/service.go:43.36,45.2 1 16
LinkMaskirator/service/service.go:47.45,49.2 1 20
LinkMaskirator/service/service.go:51.40,53.2 1 40
LinkMaskirator/service/service.go:55.38,64.34 4 126
LinkMaskirator/service/service.go:64.34,65.34 1 2261
LinkMaskirator/service/service.go:65.34,66.34 1 4522
LinkMaskirator/service/service.go:66.34,67.13 1 1616
LinkMaskirator/service/service.go:69.4,70.26 2 2906
LinkMaskirator/service/service.go:70.26,71.32 1 4130
LinkMaskirator/service/service.go:71.32,73.11 2 2784
LinkMaskirator/service/service.go:77.4,77.14 1 2906
LinkMaskirator/service/service.go:77.14,78.13 1 2784
LinkMaskirator/service/service.go:81.4,82.59 2 122
LinkMaskirator/service/service.go:82.59,84.5 1 1301
LinkMaskirator/service/service.go:89.2,89.22 1 126
LinkMaskirator/service/service.go:92.50,94.16 2 12
LinkMaskirator/service/service.go:94.16,96.3 1 0
LinkMaskirator/service/service.go:98.2,98.22 1 12
LinkMaskirator/service/service.go:98.22,100.3 1 0
LinkMaskirator/service/service.go:102.2,107.30 4 12
LinkMaskirator/service/service.go:107.30,109.3 1 2
LinkMaskirator/service/service.go:110.2,112.36 2 12
LinkMaskirator/service/service.go:112.36,115.3 2 29
LinkMaskirator/service/service.go:118.2,118.12 1 12
LinkMaskirator/service/service.go:118.12,120.29 2 12
LinkMaskirator/service/service.go:120.29,121.11 1 123
LinkMaskirator/service/service.go:122.22,124.11 2 0
LinkMaskirator/service/service.go:125.12,126.26 1 123
LinkMaskirator/service/service.go:133.2,137.12 4 12
LinkMaskirator/service/service.go:137.12,139.34 2 12
LinkMaskirator/service/service.go:139.34,140.11 1 122
LinkMaskirator/service/service.go:141.22,143.11 2 2
LinkMaskirator/service/service.go:144.41,145.50 1 120
LinkMaskirator/service/service.go:150.2,155.26 4 12
LinkMaskirator/service/service.go:155.26,156.54 1 10
LinkMaskirator/service/service.go:156.54,159.4 2 0
LinkMaskirator/service/service.go:160.3,162.23 1 10
LinkMaskirator/service/service.go:165.2,165.22 1 12
LinkMaskirator/service/service.go:165.22,169.3 2 2
LinkMaskirator/service/service.go:171.2,171.12 1 10
LinkMaskirator/service/service.go:175.127,178.36 3 29
LinkMaskirator/service/service.go:178.36,179.10 1 122
LinkMaskirator/service/service.go:180.21,181.10 1 0
LinkMaskirator/service/service.go:182.11,183.18 1 122
LinkMaskirator/service/service.go:183.18,184.12 1 15
LinkMaskirator/service/service.go:185.47,185.47 0 13
LinkMaskirator/service/service.go:186.23,187.12 1 2
LinkMaskirator/service/service.go:190.4,190.39 1 120
LinkMaskirator/main.go:18.13,54.38 5 0
LinkMaskirator/main.go:54.38,55.45 1 0
LinkMaskirator/main.go:55.45,57.5 1 0
LinkMaskirator/main.go:58.4,58.14 1 0
LinkMaskirator/main.go:109.38,114.4 2 0
LinkMaskirator/main.go:116.37,122.4 3 0
LinkMaskirator/main.go:126.2,129.12 3 0
LinkMaskirator/main.go:129.12,132.3 2 0
LinkMaskirator/main.go:134.2,134.9 1 0
LinkMaskirator/main.go:135.17,136.100 1 0
LinkMaskirator/main.go:137.30,143.10 4 0
LinkMaskirator/main.go:144.18,145.66 1 0
LinkMaskirator/main.go:146.39,147.113 1 0
LinkMaskirator/main.go:151.2,151.19 1 0
LinkMaskirator/main.go:151.19,155.3 2 0
LinkMaskirator/main.go:157.2,157.69 1 0
LinkMaskirator/main.go:161.52,163.18 2 0
LinkMaskirator/main.go:164.15,165.26 1 0
LinkMaskirator/main.go:166.14,167.25 1 0
LinkMaskirator/main.go:168.14,169.25 1 0
LinkMaskirator/main.go:170.15,171.26 1 0
LinkMaskirator/main.go:172.10,173.26 1 0
LinkMaskirator/main.go:177.2,178.16 2 0
LinkMaskirator/main.go:178.16,182.3 1 0
LinkMaskirator/main.go:182.8,186.3 1 0
LinkMaskirator/main.go:188.2,192.29 2 0
LinkMaskirator/main.go:196.109,197.17 1 0
LinkMaskirator/main.go:197.17,199.3 1 0
LinkMaskirator/main.go:201.2,201.21 1 0
LinkMaskirator/main.go:201.21,203.3 1 0
LinkMaskirator/main.go:205.2,210.21 4 0
LinkMaskirator/main.go:213.39,220.17 6 0
LinkMaskirator/main.go:220.17,222.3 1 0
LinkMaskirator/main.go:224.2,225.9 2 0
LinkMaskirator/main.go:225.9,227.3 1 0
LinkMaskirator/main.go:228.2,246.16 6 0
LinkMaskirator/main.go:246.16,250.44 2 0
LinkMaskirator/main.go:250.44,253.4 2 0
LinkMaskirator/main.go:254.3,254.80 1 0
LinkMaskirator/main.go:257.2,258.12 2 0
