mode: set
LinkMaskirator/service/file_presenter.go:13.51,14.16 1 0
LinkMaskirator/service/file_presenter.go:14.16,16.3 1 0
LinkMaskirator/service/file_presenter.go:17.2,17.39 1 0
LinkMaskirator/service/file_presenter.go:20.40,22.29 2 1
LinkMaskirator/service/file_presenter.go:22.29,24.24 2 1
LinkMaskirator/service/file_presenter.go:24.24,26.4 1 1
LinkMaskirator/service/file_presenter.go:28.2,28.36 1 1
LinkMaskirator/service/file_presenter.go:31.63,35.2 2 0
LinkMaskirator/service/file_producer.go:12.49,14.2 1 0
LinkMaskirator/service/file_producer.go:16.59,18.16 2 0
LinkMaskirator/service/file_producer.go:18.16,20.3 1 0
LinkMaskirator/service/file_producer.go:21.2,26.21 4 0
LinkMaskirator/service/file_producer.go:26.21,29.3 2 0
LinkMaskirator/service/file_producer.go:31.2,31.38 1 0
LinkMaskirator/service/file_producer.go:31.38,33.3 1 0
LinkMaskirator/service/file_producer.go:35.2,35.19 1 0
LinkMaskirator/service/service.go:20.57,22.2 1 1
LinkMaskirator/service/service.go:24.38,30.51 4 1
LinkMaskirator/service/service.go:30.51,32.39 2 1
LinkMaskirator/service/service.go:32.39,33.35 1 1
LinkMaskirator/service/service.go:33.35,35.10 2 1
LinkMaskirator/service/service.go:39.3,39.12 1 1
LinkMaskirator/service/service.go:39.12,41.65 2 1
LinkMaskirator/service/service.go:41.65,43.5 1 1
LinkMaskirator/service/service.go:47.2,47.23 1 1
LinkMaskirator/service/service.go:50.31,52.16 2 1
LinkMaskirator/service/service.go:52.16,54.3 1 1
LinkMaskirator/service/service.go:56.2,56.28 1 1
LinkMaskirator/service/service.go:56.28,58.3 1 1
LinkMaskirator/service/service.go:60.2,62.28 2 1
LinkMaskirator/service/service.go:62.28,64.3 1 1
LinkMaskirator/service/service.go:66.2,67.16 2 1
LinkMaskirator/service/service.go:67.16,69.3 1 1
LinkMaskirator/service/service.go:70.2,70.12 1 1
